[2025-11-09T04:43:50.489Z] [INFO] === BPSR METER DEBUG LOG INICIADO ===
[2025-11-09T04:43:50.491Z] [INFO] Data/Hora: 2025-11-09T04:43:50.491Z
[2025-11-09T04:43:50.491Z] [INFO] Diretório: C:\Users\gabri\AppData\Local\Programs\bpsr-meter
[2025-11-09T04:43:50.492Z] [INFO] =====================================

[2025-11-09T04:43:51.029Z] [INFO] === BPSR METER DEBUG LOG INICIADO ===
[2025-11-09T04:43:51.032Z] [INFO] Data/Hora: 2025-11-09T04:43:51.032Z
[2025-11-09T04:43:51.032Z] [INFO] Diretório: C:\Users\gabri\AppData\Local\Programs\bpsr-meter
[2025-11-09T04:43:51.033Z] [INFO] =====================================

[2025-11-09T04:43:51.164Z] [INFO] initialize: FIGHT_HISTORY_PATH = C:\Users\gabri\AppData\Local\Programs\bpsr-meter\fight_history.json
[2025-11-09T04:43:51.164Z] [INFO] initialize: USER_CACHE_PATH = C:\Users\gabri\AppData\Local\Programs\bpsr-meter\user_cache.json
[2025-11-09T04:43:51.165Z] [INFO] loadUserCache: Iniciando carregamento do cache de usuários...
[2025-11-09T04:43:51.166Z] [WARN] loadUserCache: Arquivo de cache não existe, iniciando com cache vazio
[2025-11-09T04:43:59.798Z] [DEBUG] getUser: Criando novo usuário para UID 5409245
[2025-11-09T04:43:59.798Z] [WARN] getUser: Nenhum dado em cache para UID 5409245
[2025-11-09T04:43:59.799Z] [WARN] getUser: Nome temporário atribuído - UID 5409245 -> Player 5409245
[2025-11-09T04:43:59.799Z] [PLAYER] getUser: Usuário criado e adicionado - UID 5409245
[2025-11-09T04:43:59.800Z] [DEBUG] getUser: Usuário já existe - UID 5409245
[2025-11-09T04:44:00.030Z] [DEBUG] getUser: Usuário já existe - UID 5409245
[2025-11-09T04:44:00.030Z] [DEBUG] getUser: Usuário já existe - UID 5409245

[2025-11-09T04:44:18.199Z] [DEBUG] getUser: Usuário já existe - UID 5409245
[2025-11-09T04:44:18.199Z] [DEBUG] getUser: Usuário já existe - UID 5409245
[2025-11-09T04:44:21.450Z] [DEBUG] getUser: Criando novo usuário para UID 5409245
[2025-11-09T04:44:21.451Z] [WARN] getUser: Nenhum dado em cache para UID 5409245
[2025-11-09T04:44:21.451Z] [WARN] getUser: Nome temporário atribuído - UID 5409245 -> Player 5409245
[2025-11-09T04:44:21.452Z] [PLAYER] getUser: Usuário criado e adicionado - UID 5409245
[2025-11-09T04:44:21.452Z] [DEBUG] getUser: Usuário já existe - UID 5409245
[2025-11-09T04:44:21.452Z] [DEBUG] getUser: Usuário já existe - UID 5409245
[2025-11-09T04:44:21.453Z] [PLAYER] [PACKET] _processSyncContainerData: Nome detectado - UID 5409245 -> DoctorGBS
[2025-11-09T04:44:21.453Z] [DEBUG] getUser: Usuário já existe - UID 5409245
[2025-11-09T04:44:21.454Z] [PLAYER] setName: UID 5409245 -> Nome: DoctorGBS
[2025-11-09T04:44:21.454Z] [CACHE] Cache atualizado: UID 5409245 -> Nome salvo
[2025-11-09T04:44:21.454Z] [CACHE] saveUserCache: Salvando cache - 1 usuários
[2025-11-09T04:44:21.455Z] [DEBUG] getUser: Usuário já existe - UID 5409245
[2025-11-09T04:44:21.455Z] [PLAYER] setFightPoint: UID 5409245 -> FightPoint: 19634
[2025-11-09T04:44:21.456Z] [CACHE] Cache atualizado: UID 5409245 -> FightPoint salvo
[2025-11-09T04:44:21.456Z] [CACHE] saveUserCache: Salvando cache - 1 usuários
[2025-11-09T04:44:21.456Z] [PLAYER] [PACKET] _processSyncContainerData: Profissão detectada - UID 5409245 -> 雷影剑士
[2025-11-09T04:44:21.457Z] [DEBUG] getUser: Usuário já existe - UID 5409245
[2025-11-09T04:44:21.457Z] [PLAYER] setProfession: UID 5409245 -> Profissão: 雷影剑士
[2025-11-09T04:44:21.457Z] [CACHE] Cache atualizado: UID 5409245 -> Profissão salva
[2025-11-09T04:44:21.458Z] [CACHE] saveUserCache: Salvando cache - 1 usuários
[2025-11-09T04:44:21.459Z] [CACHE] saveUserCache: Cache salvo com sucesso em C:\Users\gabri\AppData\Local\Programs\bpsr-meter\user_cache.json
[2025-11-09T04:44:21.459Z] [CACHE] saveUserCache: Cache salvo com sucesso em C:\Users\gabri\AppData\Local\Programs\bpsr-meter\user_cache.json
[2025-11-09T04:44:21.460Z] [CACHE] saveUserCache: Cache salvo com sucesso em C:\Users\gabri\AppData\Local\Programs\bpsr-meter\user_cache.json
[2025-11-09T04:44:30.114Z] [PLAYER] [PACKET] _processPlayerAttrs: Nome detectado - UID 140086217 -> Nitegale
[2025-11-09T04:44:30.114Z] [DEBUG] getUser: Criando novo usuário para UID 140086217
[2025-11-09T04:44:30.114Z] [WARN] getUser: Nenhum dado em cache para UID 140086217
[2025-11-09T04:44:30.115Z] [WARN] getUser: Nome temporário atribuído - UID 140086217 -> Player 140086217
[2025-11-09T04:44:30.115Z] [PLAYER] getUser: Usuário criado e adicionado - UID 140086217
[2025-11-09T04:44:30.116Z] [PLAYER] setName: UID 140086217 -> Nome: Nitegale
[2025-11-09T04:44:30.116Z] [CACHE] Cache atualizado: UID 140086217 -> Nome salvo
[2025-11-09T04:44:30.116Z] [CACHE] saveUserCache: Salvando cache - 2 usuários
[2025-11-09T04:44:30.116Z] [DEBUG] getUser: Usuário já existe - UID 140086217
[2025-11-09T04:44:30.117Z] [DEBUG] getUser: Usuário já existe - UID 140086217
[2025-11-09T04:44:30.117Z] [PLAYER] setFightPoint: UID 140086217 -> FightPoint: 572
[2025-11-09T04:44:30.117Z] [CACHE] Cache atualizado: UID 140086217 -> FightPoint salvo
[2025-11-09T04:44:30.118Z] [CACHE] saveUserCache: Salvando cache - 2 usuários
[2025-11-09T04:44:30.118Z] [DEBUG] getUser: Usuário já existe - UID 140086217
[2025-11-09T04:44:30.118Z] [PLAYER] [PACKET] _processPlayerAttrs: Profissão detectada - UID 140086217 -> 雷影剑士
[2025-11-09T04:44:30.119Z] [DEBUG] getUser: Usuário já existe - UID 140086217
[2025-11-09T04:44:30.119Z] [PLAYER] setProfession: UID 140086217 -> Profissão: 雷影剑士
[2025-11-09T04:44:30.119Z] [CACHE] Cache atualizado: UID 140086217 -> Profissão salva
[2025-11-09T04:44:30.120Z] [CACHE] saveUserCache: Salvando cache - 2 usuários
[2025-11-09T04:44:30.120Z] [DEBUG] getUser: Usuário já existe - UID 140086217
[2025-11-09T04:44:30.121Z] [DEBUG] getUser: Usuário já existe - UID 5409245
[2025-11-09T04:44:30.122Z] [CACHE] saveUserCache: Cache salvo com sucesso em C:\Users\gabri\AppData\Local\Programs\bpsr-meter\user_cache.json
[2025-11-09T04:44:30.122Z] [CACHE] saveUserCache: Cache salvo com sucesso em C:\Users\gabri\AppData\Local\Programs\bpsr-meter\user_cache.json
[2025-11-09T04:44:30.122Z] [CACHE] saveUserCache: Cache salvo com sucesso em C:\Users\gabri\AppData\Local\Programs\bpsr-meter\user_cache.json
[2025-11-09T04:44:33.346Z] [DEBUG] getUser: Usuário já existe - UID 5409245
[2025-11-09T04:44:33.346Z] [DEBUG] getUser: Usuário já existe - UID 5409245
[2025-11-09T04:44:38.337Z] [DEBUG] getUser: Usuário já existe - UID 140086217
[2025-11-09T04:44:38.337Z] [DEBUG] getUser: Usuário já existe - UID 140086217
[2025-11-09T04:44:38.338Z] [PLAYER] setFightPoint: UID 140086217 -> FightPoint: 586
[2025-11-09T04:44:38.338Z] [CACHE] Cache atualizado: UID 140086217 -> FightPoint salvo
[2025-11-09T04:44:38.339Z] [CACHE] saveUserCache: Salvando cache - 2 usuários
[2025-11-09T04:44:38.339Z] [DEBUG] getUser: Usuário já existe - UID 140086217
[2025-11-09T04:44:38.339Z] [DEBUG] getUser: Usuário já existe - UID 140086217
[2025-11-09T04:44:38.340Z] [CACHE] saveUserCache: Cache salvo com sucesso em C:\Users\gabri\AppData\Local\Programs\bpsr-meter\user_cache.json
[2025-11-09T04:44:39.736Z] [DEBUG] getUser: Criando novo usuário para UID 5409245
[2025-11-09T04:44:39.737Z] [CACHE] getUser: Dados do cache encontrados para UID 5409245 - Nome: DoctorGBS, FP: 19634
[2025-11-09T04:44:39.737Z] [CACHE] getUser: Nome carregado do cache - UID 5409245 -> DoctorGBS
[2025-11-09T04:44:39.738Z] [CACHE] getUser: FightPoint carregado do cache - UID 5409245 -> 19634
[2025-11-09T04:44:39.738Z] [PLAYER] getUser: Usuário criado e adicionado - UID 5409245
[2025-11-09T04:44:39.739Z] [DEBUG] getUser: Usuário já existe - UID 5409245
[2025-11-09T04:44:39.739Z] [DEBUG] getUser: Usuário já existe - UID 5409245
[2025-11-09T04:44:39.739Z] [PLAYER] [PACKET] _processSyncContainerData: Nome detectado - UID 5409245 -> DoctorGBS
[2025-11-09T04:44:39.740Z] [DEBUG] getUser: Usuário já existe - UID 5409245
[2025-11-09T04:44:39.740Z] [PLAYER] setName: UID 5409245 -> Nome já definido como DoctorGBS
[2025-11-09T04:44:39.740Z] [DEBUG] getUser: Usuário já existe - UID 5409245
[2025-11-09T04:44:39.740Z] [PLAYER] setFightPoint: UID 5409245 -> FightPoint já definido como 19634
[2025-11-09T04:44:39.741Z] [PLAYER] [PACKET] _processSyncContainerData: Profissão detectada - UID 5409245 -> 雷影剑士
[2025-11-09T04:44:39.741Z] [DEBUG] getUser: Usuário já existe - UID 5409245
[2025-11-09T04:44:39.741Z] [PLAYER] setProfession: UID 5409245 -> Profissão: 雷影剑士
[2025-11-09T04:44:39.742Z] [CACHE] Cache atualizado: UID 5409245 -> Profissão salva
[2025-11-09T04:44:39.742Z] [CACHE] saveUserCache: Salvando cache - 2 usuários
[2025-11-09T04:44:39.743Z] [CACHE] saveUserCache: Cache salvo com sucesso em C:\Users\gabri\AppData\Local\Programs\bpsr-meter\user_cache.json
[2025-11-09T04:44:44.842Z] [DEBUG] getUser: Usuário já existe - UID 5409245
[2025-11-09T04:44:55.090Z] [DEBUG] getUser: Usuário já existe - UID 5409245
[2025-11-09T04:44:55.091Z] [DEBUG] getUser: Usuário já existe - UID 5409245
[2025-11-09T04:44:55.091Z] [DEBUG] getUser: Usuário já existe - UID 5409245
[2025-11-09T04:44:55.092Z] [DEBUG] getUser: Usuário já existe - UID 5409245
[2025-11-09T04:44:56.136Z] [DEBUG] getUser: Usuário já existe - UID 5409245
[2025-11-09T04:44:56.137Z] [DEBUG] getUser: Usuário já existe - UID 5409245
[2025-11-09T04:44:56.138Z] [DEBUG] getUser: Usuário já existe - UID 5409245
[2025-11-09T04:44:56.138Z] [DEBUG] getUser: Usuário já existe - UID 5409245
[2025-11-09T04:44:56.377Z] [DEBUG] getUser: Usuário já existe - UID 5409245
[2025-11-09T04:44:56.378Z] [DEBUG] getUser: Usuário já existe - UID 5409245
[2025-11-09T04:44:56.621Z] [DEBUG] getUser: Usuário já existe - UID 5409245
[2025-11-09T04:44:56.621Z] [DEBUG] getUser: Usuário já existe - UID 5409245
[2025-11-09T04:44:56.622Z] [DEBUG] getUser: Usuário já existe - UID 5409245
[2025-11-09T04:44:56.622Z] [DEBUG] getUser: Usuário já existe - UID 5409245
[2025-11-09T04:44:56.622Z] [DEBUG] getUser: Usuário já existe - UID 5409245
[2025-11-09T04:44:56.623Z] [DEBUG] getUser: Usuário já existe - UID 5409245
[2025-11-09T04:44:56.861Z] [DEBUG] getUser: Usuário já existe - UID 5409245
[2025-11-09T04:44:56.861Z] [DEBUG] getUser: Usuário já existe - UID 5409245
[2025-11-09T04:44:56.862Z] [DEBUG] getUser: Usuário já existe - UID 5409245
[2025-11-09T04:44:56.862Z] [DEBUG] getUser: Usuário já existe - UID 5409245
[2025-11-09T04:44:57.021Z] [DEBUG] getUser: Usuário já existe - UID 5409245
[2025-11-09T04:44:57.021Z] [DEBUG] getUser: Usuário já existe - UID 5409245
[2025-11-09T04:44:57.022Z] [DEBUG] getUser: Usuário já existe - UID 5409245
[2025-11-09T04:44:57.022Z] [DEBUG] getUser: Usuário já existe - UID 5409245
[2025-11-09T04:44:57.023Z] [DEBUG] getUser: Usuário já existe - UID 5409245
[2025-11-09T04:44:57.023Z] [DEBUG] getUser: Usuário já existe - UID 5409245
[2025-11-09T04:44:57.262Z] [DEBUG] getUser: Usuário já existe - UID 5409245
[2025-11-09T04:44:57.263Z] [DEBUG] getUser: Usuário já existe - UID 5409245
[2025-11-09T04:44:57.263Z] [DEBUG] getUser: Usuário já existe - UID 5409245
[2025-11-09T04:44:57.263Z] [DEBUG] getUser: Usuário já existe - UID 5409245
[2025-11-09T04:44:57.264Z] [DEBUG] getUser: Usuário já existe - UID 5409245
[2025-11-09T04:44:57.264Z] [DEBUG] getUser: Usuário já existe - UID 5409245
[2025-11-09T04:45:02.217Z] [DRAG] allow-mouse-events: Evento recebido - isLocked=false
[2025-11-09T04:45:02.218Z] [DRAG] allow-mouse-events: Candado está aberto, ignorando
[2025-11-09T04:45:02.249Z] [DRAG] ignore-mouse-events: Evento recebido - isLocked=false
[2025-11-09T04:45:02.250Z] [DRAG] ignore-mouse-events: Candado está aberto, ignorando
[2025-11-09T04:45:02.676Z] [DRAG] allow-mouse-events: Evento recebido - isLocked=false
[2025-11-09T04:45:02.676Z] [DRAG] allow-mouse-events: Candado está aberto, ignorando
[2025-11-09T04:45:03.031Z] [DRAG] ignore-mouse-events: Evento recebido - isLocked=false
[2025-11-09T04:45:03.031Z] [DRAG] ignore-mouse-events: Candado está aberto, ignorando
[2025-11-09T04:45:04.524Z] [DRAG] allow-mouse-events: Evento recebido - isLocked=false
[2025-11-09T04:45:04.525Z] [DRAG] allow-mouse-events: Candado está aberto, ignorando
[2025-11-09T04:45:04.753Z] [DRAG] ignore-mouse-events: Evento recebido - isLocked=false
[2025-11-09T04:45:04.753Z] [DRAG] ignore-mouse-events: Candado está aberto, ignorando
[2025-11-09T04:45:04.981Z] [DRAG] allow-mouse-events: Evento recebido - isLocked=false
[2025-11-09T04:45:04.982Z] [DRAG] allow-mouse-events: Candado está aberto, ignorando
[2025-11-09T04:45:05.235Z] [DRAG] ignore-mouse-events: Evento recebido - isLocked=false
[2025-11-09T04:45:05.235Z] [DRAG] ignore-mouse-events: Candado está aberto, ignorando
[2025-11-09T04:45:06.164Z] [DRAG] ignore-mouse-events: Evento recebido - isLocked=false
[2025-11-09T04:45:06.164Z] [DRAG] ignore-mouse-events: Candado está aberto, ignorando
[2025-11-09T04:45:07.356Z] [DRAG] allow-mouse-events: Evento recebido - isLocked=false
[2025-11-09T04:45:07.357Z] [DRAG] allow-mouse-events: Candado está aberto, ignorando
[2025-11-09T04:45:07.583Z] [DRAG] ignore-mouse-events: Evento recebido - isLocked=false
[2025-11-09T04:45:07.583Z] [DRAG] ignore-mouse-events: Candado está aberto, ignorando
